{
  "RSpec": {
    "coverage": {
      "/home/fattaf/tmp/hh/app/controllers/application_controller.rb": [
        1,
        1,
        null,
        1,
        8,
        null,
        null,
        null,
        1,
        7,
        16,
        7,
        7,
        14,
        null,
        null,
        null
      ],
      "/home/fattaf/tmp/hh/app/helpers/application_helper.rb": [
        1,
        null,
        null,
        null,
        1,
        0,
        0,
        0,
        0,
        null,
        null,
        1,
        0,
        null,
        null,
        1,
        0,
        0,
        null,
        null,
        null
      ],
      "/home/fattaf/tmp/hh/app/helpers/dispatch_imgs_helper.rb": [
        1,
        null
      ],
      "/home/fattaf/tmp/hh/app/helpers/dispatch_tags_helper.rb": [
        1,
        null
      ],
      "/home/fattaf/tmp/hh/app/helpers/images_helper.rb": [
        1,
        null
      ],
      "/home/fattaf/tmp/hh/app/controllers/dispatch_imgs_controller.rb": [
        1,
        1,
        null,
        1,
        1,
        null,
        null,
        null,
        null,
        null,
        1,
        1,
        1,
        null,
        null,
        1,
        2,
        2,
        null,
        null,
        1,
        null,
        null,
        0,
        0,
        null,
        0,
        0,
        null,
        null,
        1,
        null,
        0,
        0,
        null,
        null,
        1,
        0,
        0,
        0,
        null,
        0,
        0,
        null,
        null,
        1,
        0,
        0,
        0,
        null,
        null,
        null,
        1,
        null,
        0,
        0,
        0,
        0,
        null,
        null,
        0,
        null,
        null,
        1,
        0,
        0,
        0,
        0,
        0,
        null,
        null,
        0,
        0,
        null,
        null,
        1,
        0,
        0,
        0,
        null,
        null,
        null,
        1,
        1,
        0,
        null,
        null,
        1,
        0,
        0,
        0,
        0,
        0,
        null,
        null,
        null
      ],
      "/home/fattaf/tmp/hh/app/controllers/dispatch_tags_controller.rb": [
        1,
        1,
        1,
        null,
        1,
        2,
        null,
        null,
        1,
        1,
        null,
        null,
        1,
        3,
        null,
        3,
        3,
        null,
        null,
        1,
        null,
        null,
        1,
        3,
        null,
        3,
        3,
        null,
        null,
        1,
        2,
        2,
        null,
        null,
        1,
        1,
        6,
        null,
        null,
        null,
        1,
        7,
        null,
        null
      ],
      "/home/fattaf/tmp/hh/app/controllers/images_controller.rb": [
        1,
        null,
        1,
        2,
        2,
        null,
        null,
        null,
        1,
        3,
        2,
        null,
        null,
        1,
        null,
        null,
        null,
        null
      ],
      "/home/fattaf/tmp/hh/app/models/image.rb": [
        1,
        null,
        null,
        null,
        null,
        1,
        1,
        null,
        null,
        1,
        1,
        null,
        1,
        null,
        1,
        null,
        1,
        1,
        null,
        null,
        null,
        null,
        4,
        null,
        1,
        null,
        null,
        null,
        1,
        1,
        1,
        1,
        1,
        null,
        null,
        1,
        2,
        1,
        null,
        1,
        null,
        null,
        null,
        1,
        2,
        1,
        null,
        1,
        null,
        null,
        null,
        1,
        1,
        null,
        null,
        1,
        0,
        0,
        null,
        0,
        null,
        null,
        null,
        null,
        1,
        25,
        null,
        null,
        1,
        2,
        null,
        null,
        null,
        null,
        null,
        null,
        null,
        null,
        null
      ],
      "/home/fattaf/tmp/hh/app/controllers/tags_controller.rb": [
        1,
        null,
        null,
        null,
        1,
        1,
        null,
        null,
        1,
        4,
        3,
        3,
        null,
        null,
        null
      ],
      "/home/fattaf/tmp/hh/app/models/tag.rb": [
        1,
        1,
        null,
        1,
        1,
        1,
        null,
        1,
        null,
        null,
        null,
        null,
        1,
        8,
        5,
        null,
        3,
        null,
        null,
        null,
        1,
        4,
        3,
        null,
        1,
        null,
        null,
        null
      ],
      "/home/fattaf/tmp/hh/app/models/group.rb": [
        1,
        1,
        null,
        1,
        null,
        1,
        null,
        null
      ],
      "/home/fattaf/tmp/hh/app/models/images_tag.rb": [
        1,
        null,
        1,
        1,
        null,
        1,
        null,
        null
      ]
    },
    "timestamp": 1381496375
  }
}
